Using pre-set license
Built from '2020.2/release' branch; Version is '2020.2.2f1 (068178b99f32) revision 426360'; Using compiler version '192528614'; Build Type 'Release'
OS: 'Windows 10 Home; OS build 19044.1645; Version 2009; 64bit' Language: 'en' Physical Memory: 16314 MB
BatchMode: 1, IsHumanControllingUs: 0, StartBugReporterOnCrash: 0, Is64bit: 1, IsPro: 0

 COMMAND LINE ARGUMENTS:
C:\Program Files\Unity\Hub\Editor\2020.2.2f1\Editor\Unity.exe
-adb2
-batchMode
-noUpm
-name
AssetImportWorker0
-projectPath
C:/Users/tophe/OneDrive/Documents/GitHub/LightWars/Light_Wars_
-logFile
Logs/AssetImportWorker0.log
-srvPort
55559
Successfully changed project path to: C:/Users/tophe/OneDrive/Documents/GitHub/LightWars/Light_Wars_
C:/Users/tophe/OneDrive/Documents/GitHub/LightWars/Light_Wars_
Using Asset Import Pipeline V2.
Refreshing native plugins compatible for Editor in 67.97 ms, found 15 plugins.
Preloading 2 native plugins for Editor in 1.18 ms.
Initialize engine version: 2020.2.2f1 (068178b99f32)
[Subsystems] Discovering subsystems at path C:/Program Files/Unity/Hub/Editor/2020.2.2f1/Editor/Data/Resources/UnitySubsystems
[Subsystems] Discovering subsystems at path C:/Users/tophe/OneDrive/Documents/GitHub/LightWars/Light_Wars_/Assets
GfxDevice: creating device client; threaded=0
Direct3D:
    Version:  Direct3D 11.0 [level 11.1]
    Renderer: NVIDIA GeForce RTX 2080 SUPER (ID=0x1e81)
    Vendor:   
    VRAM:     8010 MB
    Driver:   30.0.15.1215
Initialize mono
Mono path[0] = 'C:/Program Files/Unity/Hub/Editor/2020.2.2f1/Editor/Data/Managed'
Mono path[1] = 'C:/Program Files/Unity/Hub/Editor/2020.2.2f1/Editor/Data/MonoBleedingEdge/lib/mono/unityjit'
Mono config path = 'C:/Program Files/Unity/Hub/Editor/2020.2.2f1/Editor/Data/MonoBleedingEdge/etc'
Using monoOptions --debugger-agent=transport=dt_socket,embedding=1,server=y,suspend=n,address=127.0.0.1:56680
Begin MonoManager ReloadAssembly
Registering precompiled unity dll's ...
Register platform support module: C:/Program Files/Unity/Hub/Editor/2020.2.2f1/Editor/Data/PlaybackEngines/WindowsStandaloneSupport/UnityEditor.WindowsStandalone.Extensions.dll
Registered in 0.001571 seconds.
Native extension for WindowsStandalone target not found
Refreshing native plugins compatible for Editor in 48.73 ms, found 15 plugins.
Preloading 2 native plugins for Editor in 0.11 ms.
Invoked RoslynAnalysisRunner static constructor.
RoslynAnalysisRunner will not be running.
RoslynAnalysisRunner has terminated.
Mono: successfully reloaded assembly
- Completed reload, in  1.435 seconds
Platform modules already initialized, skipping
Registering precompiled user dll's ...
Registered in 0.008641 seconds.
Begin MonoManager ReloadAssembly
Native extension for WindowsStandalone target not found
Refreshing native plugins compatible for Editor in 49.84 ms, found 15 plugins.
Preloading 2 native plugins for Editor in 0.12 ms.
Invoked RoslynAnalysisRunner static constructor.
RoslynAnalysisRunner will not be running.
RoslynAnalysisRunner has terminated.
[XR] OculusXRPlugin: registering subsystems
[XR] Unable to register display lifecyle provider: [1]
[XR] Oculus Input lifecycle provider registered.
[XR] Unable to register input lifecyle provider: [1]
NullReferenceException: Object reference not set to an instance of an object
  at Unity.XR.Oculus.OculusLoader.AssetPathToAbsolutePath (System.String assetPath) [0x0004e] in <1d3c8e2b0c774a98b943069af7902455>:0 
  at Unity.XR.Oculus.OculusLoader.EditorLoadOVRPlugin () [0x0007b] in <1d3c8e2b0c774a98b943069af7902455>:0 

Mono: successfully reloaded assembly
- Completed reload, in  0.973 seconds
Platform modules already initialized, skipping
========================================================================
Worker process is ready to serve import requests
Launched and connected shader compiler UnityShaderCompiler.exe after 0.03 seconds
Refreshing native plugins compatible for Editor in 0.74 ms, found 15 plugins.
Preloading 2 native plugins for Editor in 0.12 ms.
Unloading 2591 Unused Serialized files (Serialized files now loaded: 0)
System memory in use before: 117.0 MB.
System memory in use after: 116.5 MB.

Unloading 145 unused Assets to reduce memory usage. Loaded Objects now: 3016.
Total: 2.643000 ms (FindLiveObjects: 0.235300 ms CreateObjectMapping: 0.125300 ms MarkObjects: 1.770000 ms  DeleteObjects: 0.511600 ms)

========================================================================
Received Import Request.
  path: Assets/Prefabs/Platform (4) Variant.prefab
  artifactKey: Guid(12b6cfcb30a533b46a5a31efa7b95c4b) Importer(815301076,1909f56bfc062723c751e8b465ee728b)
Start importing Assets/Prefabs/Platform (4) Variant.prefab using Guid(12b6cfcb30a533b46a5a31efa7b95c4b) Importer(815301076,1909f56bfc062723c751e8b465ee728b)  -> (artifact id: '2dbd8157c4722964619d6625fd74278c') in 0.035126 seconds
  Import took 0.038227 seconds .

========================================================================
Received Import Request.
  Time since last request: 34.440626 seconds.
  path: Assets/Prefabs/Platform (4) Variant.prefab
  artifactKey: Guid(12b6cfcb30a533b46a5a31efa7b95c4b) Importer(815301076,1909f56bfc062723c751e8b465ee728b)
Start importing Assets/Prefabs/Platform (4) Variant.prefab using Guid(12b6cfcb30a533b46a5a31efa7b95c4b) Importer(815301076,1909f56bfc062723c751e8b465ee728b)  -> (artifact id: '4c887227173803740e19a15e344710d4') in 0.003611 seconds
  Import took 0.006785 seconds .

========================================================================
Received Import Request.
  Time since last request: 6.595168 seconds.
  path: Assets/Prefabs/Variants
  artifactKey: Guid(42fec4ae5316f434b9fad2e3cfd9ce6a) Importer(815301076,1909f56bfc062723c751e8b465ee728b)
Start importing Assets/Prefabs/Variants using Guid(42fec4ae5316f434b9fad2e3cfd9ce6a) Importer(815301076,1909f56bfc062723c751e8b465ee728b)  -> (artifact id: '24e0356c410acf68667e3aa6d4f8195a') in 0.004399 seconds
  Import took 0.007550 seconds .

========================================================================
Received Import Request.
  Time since last request: 9.316743 seconds.
  path: Assets/Prefabs/Variants/Platform (5) Variant.prefab
  artifactKey: Guid(39533ed02cdb2784b8496e82551ed507) Importer(815301076,1909f56bfc062723c751e8b465ee728b)
Start importing Assets/Prefabs/Variants/Platform (5) Variant.prefab using Guid(39533ed02cdb2784b8496e82551ed507) Importer(815301076,1909f56bfc062723c751e8b465ee728b)  -> (artifact id: 'fa187ef3ecc16049c270f0b0a4df9cc8') in 0.006223 seconds
  Import took 0.009473 seconds .

========================================================================
Received Import Request.
  Time since last request: 21.773730 seconds.
  path: Assets/Prefabs/Variants/Platform (5) Variant.prefab
  artifactKey: Guid(39533ed02cdb2784b8496e82551ed507) Importer(815301076,1909f56bfc062723c751e8b465ee728b)
Start importing Assets/Prefabs/Variants/Platform (5) Variant.prefab using Guid(39533ed02cdb2784b8496e82551ed507) Importer(815301076,1909f56bfc062723c751e8b465ee728b)  -> (artifact id: 'c8afeabda93fadef65e3bdadeab2f796') in 0.003591 seconds
  Import took 0.006838 seconds .

========================================================================
Received Import Request.
  Time since last request: 8.002845 seconds.
  path: Assets/Prefabs/Variants/Pillar Variant.prefab
  artifactKey: Guid(6bc04036daadc0f4b8e4c841132fe55f) Importer(815301076,1909f56bfc062723c751e8b465ee728b)
Start importing Assets/Prefabs/Variants/Pillar Variant.prefab using Guid(6bc04036daadc0f4b8e4c841132fe55f) Importer(815301076,1909f56bfc062723c751e8b465ee728b)  -> (artifact id: '06d5cafa8c36d1dfdd1abeb0f9f42405') in 0.006197 seconds
  Import took 0.009407 seconds .

========================================================================
Received Import Request.
  Time since last request: 68.716705 seconds.
  path: Assets/Prefabs/Variants/Pillar Variant.prefab
  artifactKey: Guid(6bc04036daadc0f4b8e4c841132fe55f) Importer(815301076,1909f56bfc062723c751e8b465ee728b)
Start importing Assets/Prefabs/Variants/Pillar Variant.prefab using Guid(6bc04036daadc0f4b8e4c841132fe55f) Importer(815301076,1909f56bfc062723c751e8b465ee728b)  -> (artifact id: '5bb9f0b2c19bb2258dbfc2c70082e371') in 0.003676 seconds
  Import took 0.007366 seconds .

========================================================================
Received Import Request.
  Time since last request: 10.470848 seconds.
  path: Assets/Prefabs/Variants/Pillar (2) Variant.prefab
  artifactKey: Guid(138e0a73a55cc3b4a9eb86e169154075) Importer(815301076,1909f56bfc062723c751e8b465ee728b)
Start importing Assets/Prefabs/Variants/Pillar (2) Variant.prefab using Guid(138e0a73a55cc3b4a9eb86e169154075) Importer(815301076,1909f56bfc062723c751e8b465ee728b)  -> (artifact id: '785ca86ad8b09ebc963e4c28f3f6047a') in 0.006361 seconds
  Import took 0.009599 seconds .

========================================================================
Received Import Request.
  Time since last request: 9.841146 seconds.
  path: Assets/Prefabs/Variants/Platform (5).prefab
  artifactKey: Guid(392705f0c776b814b9cd3718659eaa79) Importer(815301076,1909f56bfc062723c751e8b465ee728b)
Start importing Assets/Prefabs/Variants/Platform (5).prefab using Guid(392705f0c776b814b9cd3718659eaa79) Importer(815301076,1909f56bfc062723c751e8b465ee728b)  -> (artifact id: '721e7fef2e92f62deea635aa3c1e597f') in 0.005774 seconds
  Import took 0.008993 seconds .

========================================================================
Received Import Request.
  Time since last request: 6.183244 seconds.
  path: Assets/Prefabs/Variants/Platform (6) Variant.prefab
  artifactKey: Guid(3f4a5af64a925f548b116f9e5a2df857) Importer(815301076,1909f56bfc062723c751e8b465ee728b)
Start importing Assets/Prefabs/Variants/Platform (6) Variant.prefab using Guid(3f4a5af64a925f548b116f9e5a2df857) Importer(815301076,1909f56bfc062723c751e8b465ee728b)  -> (artifact id: 'd9db3d1c47efae78e142492c4bd488d6') in 0.006945 seconds
  Import took 0.010141 seconds .

========================================================================
Received Import Request.
  Time since last request: 26.092763 seconds.
  path: Assets/Prefabs/Variants/Platform (5).prefab
  artifactKey: Guid(392705f0c776b814b9cd3718659eaa79) Importer(815301076,1909f56bfc062723c751e8b465ee728b)
Start importing Assets/Prefabs/Variants/Platform (5).prefab using Guid(392705f0c776b814b9cd3718659eaa79) Importer(815301076,1909f56bfc062723c751e8b465ee728b)  -> (artifact id: '6d1e145137a1c28455a30356e562dd4d') in 0.003040 seconds
  Import took 0.006105 seconds .

========================================================================
Received Import Request.
  Time since last request: 14.140389 seconds.
  path: Assets/Prefabs/Variants/Pillar Variant 1.prefab
  artifactKey: Guid(3ad04ad88dc7c344d9faaa038f40d6c0) Importer(815301076,1909f56bfc062723c751e8b465ee728b)
Start importing Assets/Prefabs/Variants/Pillar Variant 1.prefab using Guid(3ad04ad88dc7c344d9faaa038f40d6c0) Importer(815301076,1909f56bfc062723c751e8b465ee728b)  -> (artifact id: '6249f88d8cdcfb5200a316da2d4336df') in 0.006485 seconds
  Import took 0.009842 seconds .

========================================================================
Received Import Request.
  Time since last request: 4.581945 seconds.
  path: Assets/Prefabs/Variants/Pillar (1) Variant.prefab
  artifactKey: Guid(89feb9eb522ba1148b407bb082bc6e10) Importer(815301076,1909f56bfc062723c751e8b465ee728b)
Start importing Assets/Prefabs/Variants/Pillar (1) Variant.prefab using Guid(89feb9eb522ba1148b407bb082bc6e10) Importer(815301076,1909f56bfc062723c751e8b465ee728b)  -> (artifact id: 'fa42ab1b36199cf507abad3c02b171df') in 0.006183 seconds
  Import took 0.009360 seconds .

========================================================================
Received Import Request.
  Time since last request: 5.148145 seconds.
  path: Assets/Prefabs/Variants/Pillar (3) Variant.prefab
  artifactKey: Guid(63a6840bfccf21747ae54b901ba8eab8) Importer(815301076,1909f56bfc062723c751e8b465ee728b)
Start importing Assets/Prefabs/Variants/Pillar (3) Variant.prefab using Guid(63a6840bfccf21747ae54b901ba8eab8) Importer(815301076,1909f56bfc062723c751e8b465ee728b)  -> (artifact id: 'c597a35b4cbf0b1f4679a4b1bad89a5b') in 0.006222 seconds
  Import took 0.009361 seconds .

========================================================================
Received Prepare
Registering precompiled user dll's ...
Registered in 0.008335 seconds.
Begin MonoManager ReloadAssembly
Native extension for WindowsStandalone target not found
Refreshing native plugins compatible for Editor in 0.79 ms, found 15 plugins.
Preloading 2 native plugins for Editor in 0.13 ms.
Invoked RoslynAnalysisRunner static constructor.
RoslynAnalysisRunner will not be running.
RoslynAnalysisRunner has terminated.
NullReferenceException: Object reference not set to an instance of an object
  at Unity.XR.Oculus.OculusLoader.AssetPathToAbsolutePath (System.String assetPath) [0x0004e] in <1d3c8e2b0c774a98b943069af7902455>:0 
  at Unity.XR.Oculus.OculusLoader.EditorLoadOVRPlugin () [0x0007b] in <1d3c8e2b0c774a98b943069af7902455>:0 

Mono: successfully reloaded assembly
- Completed reload, in  0.901 seconds
Platform modules already initialized, skipping
Refreshing native plugins compatible for Editor in 0.85 ms, found 15 plugins.
Preloading 2 native plugins for Editor in 0.13 ms.
Unloading 2506 Unused Serialized files (Serialized files now loaded: 0)
System memory in use before: 113.8 MB.
System memory in use after: 113.4 MB.

Unloading 135 unused Assets to reduce memory usage. Loaded Objects now: 3019.
Total: 2.709400 ms (FindLiveObjects: 0.371100 ms CreateObjectMapping: 0.101500 ms MarkObjects: 1.714200 ms  DeleteObjects: 0.521900 ms)

AssetImportWorkerClient::OnTransportError - code=2 error=End of file
